<?xml version="1.0" encoding="UTF-8"?>
<!-- Generated by org.testng.reporters.JUnitReportReporter -->
<testsuite skipped="1" hostname="DESKTOP-PNP73RL" name="Sel" tests="2" failures="0" timestamp="2021-03-09T16:26:25 IST" time="18.293" errors="0">
  <testcase name="Test2" time="18.293" classname="Sel"/>
  <system-out/>
  <testcase name="Test1" classname="Sel">
    <skipped/>
  </testcase> <!-- Test1 -->
  <system-out/>
</testsuite> <!-- Sel -->
