<?xml version="1.0" encoding="UTF-8"?>
<!-- Generated by org.testng.reporters.JUnitReportReporter -->
<testsuite skipped="1" hostname="DESKTOP-PNP73RL" name="Sel" tests="2" failures="0" timestamp="2021-03-18T19:59:05 IST" time="11.867" errors="0">
  <testcase name="Test1" time="11.867" classname="Sel"/>
  <system-out/>
  <testcase name="Test2" classname="Sel">
    <skipped/>
  </testcase> <!-- Test2 -->
  <system-out/>
</testsuite> <!-- Sel -->
