<?xml version="1.0" encoding="UTF-8"?>
<!-- Generated by org.testng.reporters.JUnitReportReporter -->
<testsuite skipped="6" hostname="DESKTOP-PNP73RL" name="ChromeTest" tests="7" failures="0" timestamp="2021-03-14T21:19:33 IST" time="15.078" errors="0">
  <testcase name="Test7" time="15.078" classname="ChromeTest"/>
  <system-out/>
  <testcase name="Test6" classname="ChromeTest">
    <skipped/>
  </testcase> <!-- Test6 -->
  <system-out/>
  <testcase name="Test2" classname="ChromeTest">
    <skipped/>
  </testcase> <!-- Test2 -->
  <system-out/>
  <testcase name="Test4" classname="ChromeTest">
    <skipped/>
  </testcase> <!-- Test4 -->
  <system-out/>
  <testcase name="Test3" classname="ChromeTest">
    <skipped/>
  </testcase> <!-- Test3 -->
  <system-out/>
  <testcase name="Test5" classname="ChromeTest">
    <skipped/>
  </testcase> <!-- Test5 -->
  <system-out/>
  <testcase name="Test1" classname="ChromeTest">
    <skipped/>
  </testcase> <!-- Test1 -->
  <system-out/>
</testsuite> <!-- ChromeTest -->
