<?xml version="1.0" encoding="UTF-8"?>
<!-- Generated by org.testng.reporters.JUnitReportReporter -->
<testsuite skipped="0" hostname="DESKTOP-PNP73RL" name="Ottonova" tests="2" failures="0" timestamp="2021-03-14T00:41:35 IST" time="131.639" errors="0">
  <testcase name="Test1" time="74.620" classname="Ottonova"/>
  <system-out/>
  <testcase name="Test2" time="57.019" classname="Ottonova"/>
  <system-out/>
</testsuite> <!-- Ottonova -->
